#-----------------------------------------------------------
# Vivado v2019.2 (64-bit)
# SW Build 2708876 on Wed Nov  6 21:39:14 MST 2019
# IP Build 2700528 on Thu Nov  7 00:09:20 MST 2019
# Start of session at: Sun Feb 19 18:00:20 2023
# Process ID: 2769260
# Current directory: /home/alex/github_repos/zybo_petalinux/zybo_goes_online_hw
# Command line: vivado
# Log file: /home/alex/github_repos/zybo_petalinux/zybo_goes_online_hw/vivado.log
# Journal file: /home/alex/github_repos/zybo_petalinux/zybo_goes_online_hw/vivado.jou
#-----------------------------------------------------------
start_gui
open_project /home/alex/github_repos/zybo_petalinux/zybo_goes_online_hw/zybo_goes_online_hw.xpr
Scanning sources...
Finished scanning sources
INFO: [IP_Flow 19-234] Refreshing IP repositories
INFO: [IP_Flow 19-1704] No user IP repositories specified
INFO: [IP_Flow 19-2313] Loaded Vivado IP repository '/media/alex/Transcend/Xilinx/Vivado/2019.2/data/ip'.
open_project: Time (s): cpu = 00:00:25 ; elapsed = 00:00:21 . Memory (MB): peak = 6693.277 ; gain = 219.871 ; free physical = 151 ; free virtual = 4101
open_hw_manager
update_compile_order -fileset sources_1
connect_hw_server -allow_non_jtag
INFO: [Labtools 27-2285] Connecting to hw_server url TCP:localhost:3121
INFO: [Labtools 27-2222] Launching hw_server...
INFO: [Labtools 27-2221] Launch Output:

****** Xilinx hw_server v2019.2
  **** Build date : Nov  6 2019 at 22:13:42
    ** Copyright 1986-2019 Xilinx, Inc. All Rights Reserved.


INFO: [Labtools 27-3415] Connecting to cs_server url TCP:localhost:3042
INFO: [Labtools 27-3417] Launching cs_server...
INFO: [Labtools 27-2221] Launch Output:


****** Xilinx cs_server v2019.2.0
  **** Build date : Nov 07 2019-14:41:48
    ** Copyright 2017-2019 Xilinx, Inc. All Rights Reserved.



open_hw_target
INFO: [Labtoolstcl 44-466] Opening hw_target localhost:3121/xilinx_tcf/Digilent/210351A81BE1A
open_hw_target: Time (s): cpu = 00:00:03 ; elapsed = 00:00:10 . Memory (MB): peak = 7800.258 ; gain = 995.156 ; free physical = 142 ; free virtual = 3025
set_property PROGRAM.FILE {/home/alex/github_repos/zybo_petalinux/zybo_goes_online_hw/zybo_goes_online_hw.runs/impl_1/design_1_wrapper.bit} [get_hw_devices xc7z020_1]
current_hw_device [get_hw_devices xc7z020_1]
refresh_hw_device -update_hw_probes false [lindex [get_hw_devices xc7z020_1] 0]
INFO: [Labtools 27-1435] Device xc7z020 (JTAG device index = 1) is not programmed (DONE status = 0).
set_property PROBES.FILE {} [get_hw_devices xc7z020_1]
set_property FULL_PROBES.FILE {} [get_hw_devices xc7z020_1]
set_property PROGRAM.FILE {/home/alex/github_repos/zybo_petalinux/zybo_goes_online_hw/zybo_goes_online_hw.runs/impl_1/design_1_wrapper.bit} [get_hw_devices xc7z020_1]
program_hw_devices [get_hw_devices xc7z020_1]
INFO: [Labtools 27-3164] End of startup status: HIGH
refresh_hw_device [lindex [get_hw_devices xc7z020_1] 0]
INFO: [Labtools 27-1434] Device xc7z020 (JTAG device index = 1) is programmed with a design that has no supported debug core(s) in it.
close_hw_manager
exit
INFO: [Common 17-206] Exiting Vivado at Sun Feb 19 18:06:30 2023...
